生成启动时间为 2018/9/29 15:39:14。
     1>项目“D:\Desktopsoft\VC2010\workspace\firstdemo\firstdemo.vcxproj”在节点 2 上(build 个目标)。
     1>InitializeBuildStatus:
         正在创建“Release\firstdemo.unsuccessfulbuild”，因为已指定“AlwaysCreate”。
       ClCompile:
         所有输出均为最新。
         D:\Desktopsoft\VC2010\VC\VC\bin\CL.exe /c /Zi /nologo /W3 /WX- /O2 /Oi /Oy- /GL /D WIN32 /D NDEBUG /D _CONSOLE /D _UNICODE /D UNICODE /Gm- /EHsc /MD /GS /Gy /fp:precise /Zc:wchar_t /Zc:forScope /Yu"StdAfx.h" /Fp"Release\firstdemo.pch" /Fo"Release\\" /Fd"Release\vc100.pdb" /Gd /TP /analyze- /errorReport:prompt main.cpp
         main.cpp
       Link:
         D:\Desktopsoft\VC2010\VC\VC\bin\link.exe /ERRORREPORT:PROMPT /OUT:"D:\Desktopsoft\VC2010\workspace\firstdemo\Release\firstdemo.exe" /INCREMENTAL:NO /NOLOGO kernel32.lib user32.lib gdi32.lib winspool.lib comdlg32.lib advapi32.lib shell32.lib ole32.lib oleaut32.lib uuid.lib odbc32.lib odbccp32.lib /MANIFEST /ManifestFile:"Release\firstdemo.exe.intermediate.manifest" /MANIFESTUAC:"level='asInvoker' uiAccess='false'" /DEBUG /PDB:"D:\Desktopsoft\VC2010\workspace\firstdemo\Release\firstdemo.pdb" /SUBSYSTEM:CONSOLE /OPT:REF /OPT:ICF /LTCG /TLBID:1 /DYNAMICBASE /NXCOMPAT /IMPLIB:"D:\Desktopsoft\VC2010\workspace\firstdemo\Release\firstdemo.lib" /MACHINE:X86 Release\main.obj
         Release\stdafx.obj
            正在创建库 D:\Desktopsoft\VC2010\workspace\firstdemo\Release\firstdemo.lib 和对象 D:\Desktopsoft\VC2010\workspace\firstdemo\Release\firstdemo.exp
         正在生成代码
         已完成代码的生成
         firstdemo.vcxproj -> D:\Desktopsoft\VC2010\workspace\firstdemo\Release\firstdemo.exe
       Manifest:
         C:\Program Files (x86)\Microsoft SDKs\Windows\v7.0A\bin\mt.exe /nologo /verbose /outputresource:"D:\Desktopsoft\VC2010\workspace\firstdemo\Release\firstdemo.exe;#1" /manifest Release\firstdemo.exe.intermediate.manifest
       FinalizeBuildStatus:
         正在删除文件“Release\firstdemo.unsuccessfulbuild”。
         正在对“Release\firstdemo.lastbuildstate”执行 Touch 任务。
     1>已完成生成项目“D:\Desktopsoft\VC2010\workspace\firstdemo\firstdemo.vcxproj”(build 个目标)的操作。

生成成功。

已用时间 00:00:01.83
